  main.cpp
c:\users\josef\desktop\openglroot\labs tnm046\openglvs\openglvs\main.cpp(113): warning C4244: '=': conversion from 'GLint' to 'GLfloat', possible loss of data
c:\users\josef\desktop\openglroot\labs tnm046\openglvs\openglvs\main.cpp(132): warning C4305: 'argument': truncation from 'double' to 'float'
c:\users\josef\desktop\openglroot\labs tnm046\openglvs\openglvs\main.cpp(187): warning C4305: 'argument': truncation from 'double' to 'float'
c:\users\josef\desktop\openglroot\labs tnm046\openglvs\openglvs\main.cpp(188): warning C4305: 'argument': truncation from 'double' to 'float'
c:\users\josef\desktop\openglroot\labs tnm046\openglvs\openglvs\main.cpp(196): warning C4305: 'argument': truncation from 'double' to 'float'
c:\users\josef\desktop\openglroot\labs tnm046\openglvs\openglvs\main.cpp(198): warning C4305: 'argument': truncation from 'double' to 'float'
c:\users\josef\desktop\openglroot\labs tnm046\openglvs\openglvs\main.cpp(199): warning C4305: 'argument': truncation from 'double' to 'float'
c:\users\josef\desktop\openglroot\labs tnm046\openglvs\openglvs\main.cpp(213): warning C4244: 'argument': conversion from 'double' to 'float', possible loss of data
c:\users\josef\desktop\openglroot\labs tnm046\openglvs\openglvs\main.cpp(226): warning C4305: 'argument': truncation from 'double' to 'float'
c:\users\josef\desktop\openglroot\labs tnm046\openglvs\openglvs\main.cpp(227): warning C4244: 'argument': conversion from 'GLfloat' to 'GLint', possible loss of data
c:\users\josef\desktop\openglroot\labs tnm046\openglvs\openglvs\main.cpp(38): warning C4101: 'modelview': unreferenced local variable
  Rotator.cpp
c:\users\josef\desktop\openglroot\labs tnm046\openglvs\openglvs\rotator.cpp(18): warning C4244: '+=': conversion from 'double' to 'float', possible loss of data
c:\users\josef\desktop\openglroot\labs tnm046\openglvs\openglvs\rotator.cpp(19): warning C4244: '=': conversion from 'double' to 'float', possible loss of data
c:\users\josef\desktop\openglroot\labs tnm046\openglvs\openglvs\rotator.cpp(23): warning C4244: '-=': conversion from 'double' to 'float', possible loss of data
c:\users\josef\desktop\openglroot\labs tnm046\openglvs\openglvs\rotator.cpp(24): warning C4244: '=': conversion from 'double' to 'float', possible loss of data
c:\users\josef\desktop\openglroot\labs tnm046\openglvs\openglvs\rotator.cpp(25): warning C4305: '+=': truncation from 'double' to 'float'
c:\users\josef\desktop\openglroot\labs tnm046\openglvs\openglvs\rotator.cpp(29): warning C4244: '+=': conversion from 'double' to 'float', possible loss of data
c:\users\josef\desktop\openglroot\labs tnm046\openglvs\openglvs\rotator.cpp(30): warning C4305: '=': truncation from 'double' to 'float'
c:\users\josef\desktop\openglroot\labs tnm046\openglvs\openglvs\rotator.cpp(34): warning C4244: '-=': conversion from 'double' to 'float', possible loss of data
c:\users\josef\desktop\openglroot\labs tnm046\openglvs\openglvs\rotator.cpp(35): warning C4305: '=': truncation from 'double' to 'float'
c:\users\josef\desktop\openglroot\labs tnm046\openglvs\openglvs\rotator.cpp(68): warning C4244: '+=': conversion from 'double' to 'float', possible loss of data
c:\users\josef\desktop\openglroot\labs tnm046\openglvs\openglvs\rotator.cpp(69): warning C4244: '=': conversion from 'double' to 'float', possible loss of data
c:\users\josef\desktop\openglroot\labs tnm046\openglvs\openglvs\rotator.cpp(70): warning C4305: '+=': truncation from 'double' to 'float'
c:\users\josef\desktop\openglroot\labs tnm046\openglvs\openglvs\rotator.cpp(71): warning C4244: '+=': conversion from 'double' to 'float', possible loss of data
c:\users\josef\desktop\openglroot\labs tnm046\openglvs\openglvs\rotator.cpp(72): warning C4305: '=': truncation from 'double' to 'float'
c:\users\josef\desktop\openglroot\labs tnm046\openglvs\openglvs\rotator.cpp(73): warning C4305: '=': truncation from 'double' to 'float'
  Generating Code...
LINK : warning LNK4098: defaultlib 'LIBCMT' conflicts with use of other libs; use /NODEFAULTLIB:library
LINK : warning LNK4098: defaultlib 'MSVCRT' conflicts with use of other libs; use /NODEFAULTLIB:library
Texture.obj : warning LNK4049: locally defined symbol ___glewGenerateMipmap imported
glew32s.lib(glew.obj) : warning LNK4099: PDB 'vc120.pdb' was not found with 'glew32s.lib(glew.obj)' or at 'C:\Users\josef\Desktop\OpenGLRoot\Labs TNM046\OpenGLVS\Debug\vc120.pdb'; linking object as if no debug info
  OpenGLVS.vcxproj -> C:\Users\josef\Desktop\OpenGLRoot\Labs TNM046\OpenGLVS\Debug\OpenGLVS.exe
